R2 joint-work test  beta_pin=18.365
    R= 5 sim 1,000,000/1,200,000 (83%)
    R= 5 sim 1,200,000/1,200,000 (100%)
  R= 5 K= 159155  sel(joint/flat)=0.285  adj-gap-corr prior=-0.289 post=-0.329  shuffle_gap=-0.006 (per-rung -0.0012)  (1.8s)
    R= 9 sim 1,000,000/4,000,000 (25%)
    R= 9 sim 2,000,000/4,000,000 (50%)
    R= 9 sim 3,000,000/4,000,000 (75%)
    R= 9 sim 4,000,000/4,000,000 (100%)
  R= 9 K=  55687  sel(joint/flat)=0.257  adj-gap-corr prior=-0.021 post=-0.172  shuffle_gap=0.007 (per-rung 0.0007)  (20.1s)
    R=13 sim 1,000,000/16,000,000 (6%)
    R=13 sim 2,000,000/16,000,000 (12%)
    R=13 sim 3,000,000/16,000,000 (18%)
    R=13 sim 4,000,000/16,000,000 (25%)
    R=13 sim 5,000,000/16,000,000 (31%)
    R=13 sim 6,000,000/16,000,000 (37%)
    R=13 sim 7,000,000/16,000,000 (43%)
    R=13 sim 8,000,000/16,000,000 (50%)
    R=13 sim 9,000,000/16,000,000 (56%)
    R=13 sim 10,000,000/16,000,000 (62%)
    R=13 sim 11,000,000/16,000,000 (68%)
    R=13 sim 12,000,000/16,000,000 (75%)
    R=13 sim 13,000,000/16,000,000 (81%)
    R=13 sim 14,000,000/16,000,000 (87%)
    R=13 sim 15,000,000/16,000,000 (93%)
    R=13 sim 16,000,000/16,000,000 (100%)
  R=13 K=  34010  sel(joint/flat)=0.190  adj-gap-corr prior=+0.075 post=-0.113  shuffle_gap=0.011 (per-rung 0.0009)  (198.0s)
done, 219.8s
