
######### supplement 2026-07-21 11:48:51 #########
loaded 142 units, 131669 spikes

=== S1_precision_20ms: bin 20 ms, smooth sigma 1.0 bins, N x T = (142, 14684), 2000 surrogates/null ===
  REAL |z|_inner = 8.830  |mu| = 0.030823  se = 0.003491  pair = [0, 1]
    ... 200/4000 (46s)
    ... 400/4000 (83s)
    ... 600/4000 (121s)
    ... 800/4000 (158s)
    ... 1000/4000 (196s)
    ... 1200/4000 (236s)
    ... 1400/4000 (273s)
    ... 1600/4000 (314s)
    ... 1800/4000 (354s)
    ... 2000/4000 (393s)
    ... 2200/4000 (432s)
    ... 2400/4000 (472s)
    ... 2600/4000 (512s)
    ... 2800/4000 (551s)
    ... 3000/4000 (597s)
    ... 3200/4000 (643s)
    ... 3400/4000 (2530s)
    ... 3600/4000 (2558s)
    ... 3800/4000 (2586s)
    ... 4000/4000 (2613s)
  NULL-A : inner|z| null   1.66 +-  0.56 (p99   3.29, max   3.88) | |mu|: n_ge=  17/2000 p=0.00900 zout=  +2.88 | |z|: n_ge=   0/2000 p=0.00050 zout= +12.81
  NULL-B1: inner|z| null   1.68 +-  0.56 (p99   3.11, max   4.10) | |mu|: n_ge=   3/2000 p=0.00200 zout=  +3.51 | |z|: n_ge=   0/2000 p=0.00050 zout= +12.82

=== S2_frozen_headline_50ms_sig2.5: bin 50 ms, smooth sigma 2.5 bins, N x T = (142, 5874), 200 surrogates/null ===
  REAL |z|_inner = 44.030  |mu| = 0.103818  se = 0.002358  pair = [0, 1]
    ... 200/800 (13s)
    ... 400/800 (21s)
    ... 600/800 (29s)
    ... 800/800 (37s)
  NULL-P : inner|z| null  11.27 +-  1.85 (p99  16.33, max  18.35) | |mu|: n_ge=   0/200 p=0.00498 zout=  +5.60 | |z|: n_ge=   0/200 p=0.00498 zout= +17.72
  NULL-A : inner|z| null   1.74 +-  0.61 (p99   3.61, max   4.30) | |mu|: n_ge=   0/200 p=0.00498 zout= +16.36 | |z|: n_ge=   0/200 p=0.00498 zout= +69.33
  NULL-B1: inner|z| null   2.28 +-  0.67 (p99   3.97, max   4.28) | |mu|: n_ge=   0/200 p=0.00498 zout= +19.82 | |z|: n_ge=   0/200 p=0.00498 zout= +61.94
  NULL-B0: inner|z| null  10.88 +-  1.60 (p99  14.83, max  16.65) | |mu|: n_ge=   0/200 p=0.00498 zout=  +7.40 | |z|: n_ge=   0/200 p=0.00498 zout= +20.68

supplement done.
